<?xml version="1.0" encoding="UTF-8"?>
<!-- Generated by org.testng.reporters.JUnitXMLReporter -->
<testsuite hostname="DESKTOP-RKQETD7" ignored="0" name="Default test" tests="2" failures="0" timestamp="23 Jul 2020 20:56:22 GMT" time="1.51" errors="0">
  <testcase name="@BeforeTest beforeTestRun" time="0.0" classname="framework.BaseTest">
    <failure type="org.testng.TestNGException" message="
Parameter &amp;apos;browser&amp;apos; is required by BeforeTest on method beforeTestRun but has not been marked @Optional or defined
in C:\Users\User\AppData\Local\Temp\testng-eclipse--556379128\testng-customsuite.xml">
      <![CDATA[org.testng.TestNGException: 
Parameter 'browser' is required by BeforeTest on method beforeTestRun but has not been marked @Optional or defined
in C:\Users\User\AppData\Local\Temp\testng-eclipse--556379128\testng-customsuite.xml
at org.testng.internal.Parameters.createParams(Parameters.java:290)
at org.testng.internal.Parameters.createParametersForMethod(Parameters.java:359)
at org.testng.internal.Parameters.createParameters(Parameters.java:620)
at org.testng.internal.Parameters.createConfigurationParameters(Parameters.java:190)
at org.testng.internal.Invoker.invokeConfigurations(Invoker.java:209)
at org.testng.internal.Invoker.invokeConfigurations(Invoker.java:142)
at org.testng.TestRunner.beforeRun(TestRunner.java:529)
at org.testng.TestRunner.run(TestRunner.java:497)
at org.testng.SuiteRunner.runTest(SuiteRunner.java:455)
at org.testng.SuiteRunner.runSequentially(SuiteRunner.java:450)
at org.testng.SuiteRunner.privateRun(SuiteRunner.java:415)
at org.testng.SuiteRunner.run(SuiteRunner.java:364)
at org.testng.SuiteRunnerWorker.runSuite(SuiteRunnerWorker.java:52)
at org.testng.SuiteRunnerWorker.run(SuiteRunnerWorker.java:84)
at org.testng.TestNG.runSuitesSequentially(TestNG.java:1208)
at org.testng.TestNG.runSuitesLocally(TestNG.java:1137)
at org.testng.TestNG.runSuites(TestNG.java:1049)
at org.testng.TestNG.run(TestNG.java:1017)
at org.testng.remote.AbstractRemoteTestNG.run(AbstractRemoteTestNG.java:114)
at org.testng.remote.RemoteTestNG.initAndRun(RemoteTestNG.java:251)
at org.testng.remote.RemoteTestNG.main(RemoteTestNG.java:77)
]]>
    </failure>
  </testcase> <!-- @BeforeTest beforeTestRun -->
  <testcase name="@BeforeMethod BeforeTheTest" time="0.0" classname="testScripts.EcomTest2">
    <skipped/>
  </testcase> <!-- @BeforeMethod BeforeTheTest -->
  <testcase name="@AfterMethod AfterTheest" time="0.0" classname="testScripts.EcomTest2">
    <skipped/>
  </testcase> <!-- @AfterMethod AfterTheest -->
  <testcase name="@BeforeMethod BeforeTheTest" time="0.0" classname="testScripts.EcomTest2">
    <skipped/>
  </testcase> <!-- @BeforeMethod BeforeTheTest -->
  <testcase name="@AfterMethod AfterTheest" time="0.0" classname="testScripts.EcomTest2">
    <skipped/>
  </testcase> <!-- @AfterMethod AfterTheest -->
  <testcase name="@AfterTest AfterTestRun" time="0.0" classname="framework.BaseTest">
    <skipped/>
  </testcase> <!-- @AfterTest AfterTestRun -->
  <testcase name="SelectProductToCart_test1" time="0.0" classname="testScripts.EcomTest2">
    <skipped/>
  </testcase> <!-- SelectProductToCart_test1 -->
  <testcase name="SelectProductToCart_test1" time="0.0" classname="testScripts.EcomTest2">
    <skipped/>
  </testcase> <!-- SelectProductToCart_test1 -->
</testsuite> <!-- Default test -->
